<?xml version="1.0" encoding="UTF-8"?>
<!-- Generated by org.testng.reporters.JUnitReportReporter -->
<testsuite hostname="DHALANGE" failures="0" tests="1" name="testingTestNG.TestN2" time="0.115" errors="0" timestamp="2022-06-14T14:39:44 IST" skipped="0">
  <testcase classname="testingTestNG.TestN2" name="T" time="0.115"/>
  <system-out/>
</testsuite> <!-- testingTestNG.TestN2 -->
