<?xml version="1.0" encoding="UTF-8"?>
<!-- Generated by org.testng.reporters.JUnitReportReporter -->
<testsuite hostname="DHALANGE" failures="0" tests="1" name="testingTestNG.TestN1" time="0.006" errors="0" timestamp="2022-06-14T14:23:18 IST" skipped="0">
  <testcase classname="testingTestNG.TestN1" name="T" time="0.006"/>
  <system-out/>
</testsuite> <!-- testingTestNG.TestN1 -->
